## Footprint report - date 2024-04-04T23:37:54+0200
## Created by KiCad version 8.0.1
## Unit = mm, Angle = deg.

$BeginDESCRIPTION

$BOARD
upper_left_corner 98.400000 72.400000
lower_right_corner 168.600000 123.600000
$EndBOARD

$MODULE 6P6C
footprint Connector_RJ:RJ25_Wayconn_MJEA-660X1_Horizontal
attribut none
position 129.900000 84.340000  orientation 180.00
layer front
$PAD ""
Shape Circle Layer both
position -8.550000  4.840000  size  2.300000  2.300000  orientation 0.00
drill  2.300000
shape_offset  0.000000  0.000000
$EndPAD
$PAD ""
Shape Circle Layer both
position  3.450000  4.840000  size  2.300000  2.300000  orientation 0.00
drill  2.300000
shape_offset  0.000000  0.000000
$EndPAD
$PAD "1"
Shape Rect Layer both
position  0.000000  0.000000  size  1.520000  1.520000  orientation 0.00
drill  0.900000
shape_offset  0.000000  0.000000
$EndPAD
$PAD "2"
Shape Circle Layer both
position -1.020000  2.540000  size  1.520000  1.520000  orientation 0.00
drill  0.900000
shape_offset  0.000000  0.000000
$EndPAD
$PAD "3"
Shape Circle Layer both
position -2.040000  0.000000  size  1.520000  1.520000  orientation 0.00
drill  0.900000
shape_offset  0.000000  0.000000
$EndPAD
$PAD "4"
Shape Circle Layer both
position -3.060000  2.540000  size  1.520000  1.520000  orientation 0.00
drill  0.900000
shape_offset  0.000000  0.000000
$EndPAD
$PAD "5"
Shape Circle Layer both
position -4.080000  0.000000  size  1.520000  1.520000  orientation 0.00
drill  0.900000
shape_offset  0.000000  0.000000
$EndPAD
$PAD "6"
Shape Circle Layer both
position -5.100000  2.540000  size  1.520000  1.520000  orientation 0.00
drill  0.900000
shape_offset  0.000000  0.000000
$EndPAD
$EndMODULE  6P6C

$MODULE AMS1117_3.3V
footprint Package_TO_SOT_SMD:SOT-223-3_TabPin2
attribut smd
position 132.650000 105.000000  orientation 180.00
layer front
$PAD "1"
Shape Roundrect Layer front
position -3.150000 -2.300000  size  2.000000  1.500000  orientation 0.00
drill  0.000000
shape_offset  0.000000  0.000000
$EndPAD
$PAD "2"
Shape Roundrect Layer front
position -3.150000  0.000000  size  2.000000  1.500000  orientation 0.00
drill  0.000000
shape_offset  0.000000  0.000000
$EndPAD
$PAD "2"
Shape Roundrect Layer front
position  3.150000  0.000000  size  2.000000  3.800000  orientation 0.00
drill  0.000000
shape_offset  0.000000  0.000000
$EndPAD
$PAD "3"
Shape Roundrect Layer front
position -3.150000  2.300000  size  2.000000  1.500000  orientation 0.00
drill  0.000000
shape_offset  0.000000  0.000000
$EndPAD
$EndMODULE  AMS1117_3.3V

$MODULE Bat
footprint TerminalBlock:TerminalBlock_Altech_AK300-2_P5.00mm
attribut none
position 135.265000 116.500000  orientation 180.00
layer front
$PAD "1"
Shape Rect Layer both
position  0.000000  0.000000  size  1.980000  3.960000  orientation 0.00
drill  1.320000
shape_offset  0.000000  0.000000
$EndPAD
$PAD "2"
Shape Oval Layer both
position  5.000000  0.000000  size  1.980000  3.960000  orientation 0.00
drill  1.320000
shape_offset  0.000000  0.000000
$EndPAD
$EndMODULE  Bat

$MODULE C1
footprint Capacitor_SMD:C_1206_3216Metric_Pad1.33x1.80mm_HandSolder
attribut smd
position 132.062500 92.000000  orientation 0.00
layer front
$PAD "1"
Shape Roundrect Layer front
position -1.562500  0.000000  size  1.325000  1.800000  orientation 0.00
drill  0.000000
shape_offset  0.000000  0.000000
$EndPAD
$PAD "2"
Shape Roundrect Layer front
position  1.562500  0.000000  size  1.325000  1.800000  orientation 0.00
drill  0.000000
shape_offset  0.000000  0.000000
$EndPAD
$EndMODULE  C1

$MODULE C2
footprint Capacitor_SMD:C_1206_3216Metric_Pad1.33x1.80mm_HandSolder
attribut smd
position 131.937500 95.500000  orientation 180.00
layer front
$PAD "1"
Shape Roundrect Layer front
position -1.562500  0.000000  size  1.325000  1.800000  orientation 0.00
drill  0.000000
shape_offset  0.000000  0.000000
$EndPAD
$PAD "2"
Shape Roundrect Layer front
position  1.562500  0.000000  size  1.325000  1.800000  orientation 0.00
drill  0.000000
shape_offset  0.000000  0.000000
$EndPAD
$EndMODULE  C2

$MODULE C3
footprint Capacitor_SMD:C_1206_3216Metric_Pad1.33x1.80mm_HandSolder
attribut smd
position 131.960000 89.238750  orientation 180.00
layer front
$PAD "1"
Shape Roundrect Layer front
position -1.562500  0.000000  size  1.325000  1.800000  orientation 0.00
drill  0.000000
shape_offset  0.000000  0.000000
$EndPAD
$PAD "2"
Shape Roundrect Layer front
position  1.562500  0.000000  size  1.325000  1.800000  orientation 0.00
drill  0.000000
shape_offset  0.000000  0.000000
$EndPAD
$EndMODULE  C3

$MODULE C4
footprint Capacitor_SMD:C_1206_3216Metric_Pad1.33x1.80mm_HandSolder
attribut smd
position 132.000000 98.500000  orientation 0.00
layer front
$PAD "1"
Shape Roundrect Layer front
position -1.562500  0.000000  size  1.325000  1.800000  orientation 0.00
drill  0.000000
shape_offset  0.000000  0.000000
$EndPAD
$PAD "2"
Shape Roundrect Layer front
position  1.562500  0.000000  size  1.325000  1.800000  orientation 0.00
drill  0.000000
shape_offset  0.000000  0.000000
$EndPAD
$EndMODULE  C4

$MODULE C5
footprint Capacitor_SMD:C_1206_3216Metric_Pad1.33x1.80mm_HandSolder
attribut smd
position 101.000000 94.000000  orientation -90.00
layer front
$PAD "1"
Shape Roundrect Layer front
position -1.562500  0.000000  size  1.325000  1.800000  orientation 360.00
drill  0.000000
shape_offset  0.000000  0.000000
$EndPAD
$PAD "2"
Shape Roundrect Layer front
position  1.562500  0.000000  size  1.325000  1.800000  orientation 360.00
drill  0.000000
shape_offset  0.000000  0.000000
$EndPAD
$EndMODULE  C5

$MODULE C6
footprint Capacitor_SMD:C_1206_3216Metric_Pad1.33x1.80mm_HandSolder
attribut smd
position 101.000000 105.062500  orientation -90.00
layer front
$PAD "1"
Shape Roundrect Layer front
position -1.562500  0.000000  size  1.325000  1.800000  orientation 360.00
drill  0.000000
shape_offset  0.000000  0.000000
$EndPAD
$PAD "2"
Shape Roundrect Layer front
position  1.562500  0.000000  size  1.325000  1.800000  orientation 360.00
drill  0.000000
shape_offset  0.000000  0.000000
$EndPAD
$EndMODULE  C6

$MODULE D1
footprint LED_SMD:LED_1206_3216Metric_Pad1.42x1.75mm_HandSolder
attribut smd
position 141.500000 104.000000  orientation 90.00
layer front
$PAD "1"
Shape Roundrect Layer front
position -1.487500  0.000000  size  1.425000  1.750000  orientation 0.00
drill  0.000000
shape_offset  0.000000  0.000000
$EndPAD
$PAD "2"
Shape Roundrect Layer front
position  1.487500  0.000000  size  1.425000  1.750000  orientation 0.00
drill  0.000000
shape_offset  0.000000  0.000000
$EndPAD
$EndMODULE  D1

$MODULE IC1
footprint RF_Module:ESP-12E
attribut smd
position 153.500000 87.500000  orientation 0.00
layer front
$PAD "1"
Shape Rect Layer front
position -7.600000 -3.500000  size  2.500000  1.000000  orientation 0.00
drill  0.000000
shape_offset  0.000000  0.000000
$EndPAD
$PAD "2"
Shape Rect Layer front
position -7.600000 -1.500000  size  2.500000  1.000000  orientation 0.00
drill  0.000000
shape_offset  0.000000  0.000000
$EndPAD
$PAD "3"
Shape Rect Layer front
position -7.600000  0.500000  size  2.500000  1.000000  orientation 0.00
drill  0.000000
shape_offset  0.000000  0.000000
$EndPAD
$PAD "4"
Shape Rect Layer front
position -7.600000  2.500000  size  2.500000  1.000000  orientation 0.00
drill  0.000000
shape_offset  0.000000  0.000000
$EndPAD
$PAD "5"
Shape Rect Layer front
position -7.600000  4.500000  size  2.500000  1.000000  orientation 0.00
drill  0.000000
shape_offset  0.000000  0.000000
$EndPAD
$PAD "6"
Shape Rect Layer front
position -7.600000  6.500000  size  2.500000  1.000000  orientation 0.00
drill  0.000000
shape_offset  0.000000  0.000000
$EndPAD
$PAD "7"
Shape Rect Layer front
position -7.600000  8.500000  size  2.500000  1.000000  orientation 0.00
drill  0.000000
shape_offset  0.000000  0.000000
$EndPAD
$PAD "8"
Shape Rect Layer front
position -7.600000 10.500000  size  2.500000  1.000000  orientation 0.00
drill  0.000000
shape_offset  0.000000  0.000000
$EndPAD
$PAD "9"
Shape Rect Layer front
position -5.000000 12.000000  size  1.000000  1.800000  orientation 0.00
drill  0.000000
shape_offset  0.000000  0.000000
$EndPAD
$PAD "10"
Shape Rect Layer front
position -3.000000 12.000000  size  1.000000  1.800000  orientation 0.00
drill  0.000000
shape_offset  0.000000  0.000000
$EndPAD
$PAD "11"
Shape Rect Layer front
position -1.000000 12.000000  size  1.000000  1.800000  orientation 0.00
drill  0.000000
shape_offset  0.000000  0.000000
$EndPAD
$PAD "12"
Shape Rect Layer front
position  1.000000 12.000000  size  1.000000  1.800000  orientation 0.00
drill  0.000000
shape_offset  0.000000  0.000000
$EndPAD
$PAD "13"
Shape Rect Layer front
position  3.000000 12.000000  size  1.000000  1.800000  orientation 0.00
drill  0.000000
shape_offset  0.000000  0.000000
$EndPAD
$PAD "14"
Shape Rect Layer front
position  5.000000 12.000000  size  1.000000  1.800000  orientation 0.00
drill  0.000000
shape_offset  0.000000  0.000000
$EndPAD
$PAD "15"
Shape Rect Layer front
position  7.600000 10.500000  size  2.500000  1.000000  orientation 0.00
drill  0.000000
shape_offset  0.000000  0.000000
$EndPAD
$PAD "16"
Shape Rect Layer front
position  7.600000  8.500000  size  2.500000  1.000000  orientation 0.00
drill  0.000000
shape_offset  0.000000  0.000000
$EndPAD
$PAD "17"
Shape Rect Layer front
position  7.600000  6.500000  size  2.500000  1.000000  orientation 0.00
drill  0.000000
shape_offset  0.000000  0.000000
$EndPAD
$PAD "18"
Shape Rect Layer front
position  7.600000  4.500000  size  2.500000  1.000000  orientation 0.00
drill  0.000000
shape_offset  0.000000  0.000000
$EndPAD
$PAD "19"
Shape Rect Layer front
position  7.600000  2.500000  size  2.500000  1.000000  orientation 0.00
drill  0.000000
shape_offset  0.000000  0.000000
$EndPAD
$PAD "20"
Shape Rect Layer front
position  7.600000  0.500000  size  2.500000  1.000000  orientation 0.00
drill  0.000000
shape_offset  0.000000  0.000000
$EndPAD
$PAD "21"
Shape Rect Layer front
position  7.600000 -1.500000  size  2.500000  1.000000  orientation 0.00
drill  0.000000
shape_offset  0.000000  0.000000
$EndPAD
$PAD "22"
Shape Rect Layer front
position  7.600000 -3.500000  size  2.500000  1.000000  orientation 0.00
drill  0.000000
shape_offset  0.000000  0.000000
$EndPAD
$EndMODULE  IC1

$MODULE IC2
footprint Package_DIP:DIP-16_W7.62mm
attribut none
position 142.960000 117.120000  orientation 90.00
layer front
$PAD "1"
Shape Rect Layer both
position  0.000000  0.000000  size  1.600000  1.600000  orientation 0.00
drill  0.800000
shape_offset  0.000000  0.000000
$EndPAD
$PAD "2"
Shape Oval Layer both
position  0.000000  2.540000  size  1.600000  1.600000  orientation 0.00
drill  0.800000
shape_offset  0.000000  0.000000
$EndPAD
$PAD "3"
Shape Oval Layer both
position  0.000000  5.080000  size  1.600000  1.600000  orientation 0.00
drill  0.800000
shape_offset  0.000000  0.000000
$EndPAD
$PAD "4"
Shape Oval Layer both
position  0.000000  7.620000  size  1.600000  1.600000  orientation 0.00
drill  0.800000
shape_offset  0.000000  0.000000
$EndPAD
$PAD "5"
Shape Oval Layer both
position  0.000000 10.160000  size  1.600000  1.600000  orientation 0.00
drill  0.800000
shape_offset  0.000000  0.000000
$EndPAD
$PAD "6"
Shape Oval Layer both
position  0.000000 12.700000  size  1.600000  1.600000  orientation 0.00
drill  0.800000
shape_offset  0.000000  0.000000
$EndPAD
$PAD "7"
Shape Oval Layer both
position  0.000000 15.240000  size  1.600000  1.600000  orientation 0.00
drill  0.800000
shape_offset  0.000000  0.000000
$EndPAD
$PAD "8"
Shape Oval Layer both
position  0.000000 17.780000  size  1.600000  1.600000  orientation 0.00
drill  0.800000
shape_offset  0.000000  0.000000
$EndPAD
$PAD "9"
Shape Oval Layer both
position  7.620000 17.780000  size  1.600000  1.600000  orientation 0.00
drill  0.800000
shape_offset  0.000000  0.000000
$EndPAD
$PAD "10"
Shape Oval Layer both
position  7.620000 15.240000  size  1.600000  1.600000  orientation 0.00
drill  0.800000
shape_offset  0.000000  0.000000
$EndPAD
$PAD "11"
Shape Oval Layer both
position  7.620000 12.700000  size  1.600000  1.600000  orientation 0.00
drill  0.800000
shape_offset  0.000000  0.000000
$EndPAD
$PAD "12"
Shape Oval Layer both
position  7.620000 10.160000  size  1.600000  1.600000  orientation 0.00
drill  0.800000
shape_offset  0.000000  0.000000
$EndPAD
$PAD "13"
Shape Oval Layer both
position  7.620000  7.620000  size  1.600000  1.600000  orientation 0.00
drill  0.800000
shape_offset  0.000000  0.000000
$EndPAD
$PAD "14"
Shape Oval Layer both
position  7.620000  5.080000  size  1.600000  1.600000  orientation 0.00
drill  0.800000
shape_offset  0.000000  0.000000
$EndPAD
$PAD "15"
Shape Oval Layer both
position  7.620000  2.540000  size  1.600000  1.600000  orientation 0.00
drill  0.800000
shape_offset  0.000000  0.000000
$EndPAD
$PAD "16"
Shape Oval Layer both
position  7.620000  0.000000  size  1.600000  1.600000  orientation 0.00
drill  0.800000
shape_offset  0.000000  0.000000
$EndPAD
$EndMODULE  IC2

$MODULE IC3
footprint Package_DIP:DIP-16_W7.62mm
attribut none
position 123.700000 89.380000  orientation -90.00
layer front
$PAD "1"
Shape Rect Layer both
position  0.000000  0.000000  size  1.600000  1.600000  orientation 360.00
drill  0.800000
shape_offset  0.000000  0.000000
$EndPAD
$PAD "2"
Shape Oval Layer both
position  0.000000  2.540000  size  1.600000  1.600000  orientation 360.00
drill  0.800000
shape_offset  0.000000  0.000000
$EndPAD
$PAD "3"
Shape Oval Layer both
position  0.000000  5.080000  size  1.600000  1.600000  orientation 360.00
drill  0.800000
shape_offset  0.000000  0.000000
$EndPAD
$PAD "4"
Shape Oval Layer both
position  0.000000  7.620000  size  1.600000  1.600000  orientation 360.00
drill  0.800000
shape_offset  0.000000  0.000000
$EndPAD
$PAD "5"
Shape Oval Layer both
position  0.000000 10.160000  size  1.600000  1.600000  orientation 360.00
drill  0.800000
shape_offset  0.000000  0.000000
$EndPAD
$PAD "6"
Shape Oval Layer both
position  0.000000 12.700000  size  1.600000  1.600000  orientation 360.00
drill  0.800000
shape_offset  0.000000  0.000000
$EndPAD
$PAD "7"
Shape Oval Layer both
position  0.000000 15.240000  size  1.600000  1.600000  orientation 360.00
drill  0.800000
shape_offset  0.000000  0.000000
$EndPAD
$PAD "8"
Shape Oval Layer both
position  0.000000 17.780000  size  1.600000  1.600000  orientation 360.00
drill  0.800000
shape_offset  0.000000  0.000000
$EndPAD
$PAD "9"
Shape Oval Layer both
position  7.620000 17.780000  size  1.600000  1.600000  orientation 360.00
drill  0.800000
shape_offset  0.000000  0.000000
$EndPAD
$PAD "10"
Shape Oval Layer both
position  7.620000 15.240000  size  1.600000  1.600000  orientation 360.00
drill  0.800000
shape_offset  0.000000  0.000000
$EndPAD
$PAD "11"
Shape Oval Layer both
position  7.620000 12.700000  size  1.600000  1.600000  orientation 360.00
drill  0.800000
shape_offset  0.000000  0.000000
$EndPAD
$PAD "12"
Shape Oval Layer both
position  7.620000 10.160000  size  1.600000  1.600000  orientation 360.00
drill  0.800000
shape_offset  0.000000  0.000000
$EndPAD
$PAD "13"
Shape Oval Layer both
position  7.620000  7.620000  size  1.600000  1.600000  orientation 360.00
drill  0.800000
shape_offset  0.000000  0.000000
$EndPAD
$PAD "14"
Shape Oval Layer both
position  7.620000  5.080000  size  1.600000  1.600000  orientation 360.00
drill  0.800000
shape_offset  0.000000  0.000000
$EndPAD
$PAD "15"
Shape Oval Layer both
position  7.620000  2.540000  size  1.600000  1.600000  orientation 360.00
drill  0.800000
shape_offset  0.000000  0.000000
$EndPAD
$PAD "16"
Shape Oval Layer both
position  7.620000  0.000000  size  1.600000  1.600000  orientation 360.00
drill  0.800000
shape_offset  0.000000  0.000000
$EndPAD
$EndMODULE  IC3

$MODULE IC4
footprint Package_DIP:DIP-16_W7.62mm
attribut none
position 123.740000 100.500000  orientation -90.00
layer front
$PAD "1"
Shape Rect Layer both
position  0.000000  0.000000  size  1.600000  1.600000  orientation 360.00
drill  0.800000
shape_offset  0.000000  0.000000
$EndPAD
$PAD "2"
Shape Oval Layer both
position  0.000000  2.540000  size  1.600000  1.600000  orientation 360.00
drill  0.800000
shape_offset  0.000000  0.000000
$EndPAD
$PAD "3"
Shape Oval Layer both
position  0.000000  5.080000  size  1.600000  1.600000  orientation 360.00
drill  0.800000
shape_offset  0.000000  0.000000
$EndPAD
$PAD "4"
Shape Oval Layer both
position  0.000000  7.620000  size  1.600000  1.600000  orientation 360.00
drill  0.800000
shape_offset  0.000000  0.000000
$EndPAD
$PAD "5"
Shape Oval Layer both
position  0.000000 10.160000  size  1.600000  1.600000  orientation 360.00
drill  0.800000
shape_offset  0.000000  0.000000
$EndPAD
$PAD "6"
Shape Oval Layer both
position  0.000000 12.700000  size  1.600000  1.600000  orientation 360.00
drill  0.800000
shape_offset  0.000000  0.000000
$EndPAD
$PAD "7"
Shape Oval Layer both
position  0.000000 15.240000  size  1.600000  1.600000  orientation 360.00
drill  0.800000
shape_offset  0.000000  0.000000
$EndPAD
$PAD "8"
Shape Oval Layer both
position  0.000000 17.780000  size  1.600000  1.600000  orientation 360.00
drill  0.800000
shape_offset  0.000000  0.000000
$EndPAD
$PAD "9"
Shape Oval Layer both
position  7.620000 17.780000  size  1.600000  1.600000  orientation 360.00
drill  0.800000
shape_offset  0.000000  0.000000
$EndPAD
$PAD "10"
Shape Oval Layer both
position  7.620000 15.240000  size  1.600000  1.600000  orientation 360.00
drill  0.800000
shape_offset  0.000000  0.000000
$EndPAD
$PAD "11"
Shape Oval Layer both
position  7.620000 12.700000  size  1.600000  1.600000  orientation 360.00
drill  0.800000
shape_offset  0.000000  0.000000
$EndPAD
$PAD "12"
Shape Oval Layer both
position  7.620000 10.160000  size  1.600000  1.600000  orientation 360.00
drill  0.800000
shape_offset  0.000000  0.000000
$EndPAD
$PAD "13"
Shape Oval Layer both
position  7.620000  7.620000  size  1.600000  1.600000  orientation 360.00
drill  0.800000
shape_offset  0.000000  0.000000
$EndPAD
$PAD "14"
Shape Oval Layer both
position  7.620000  5.080000  size  1.600000  1.600000  orientation 360.00
drill  0.800000
shape_offset  0.000000  0.000000
$EndPAD
$PAD "15"
Shape Oval Layer both
position  7.620000  2.540000  size  1.600000  1.600000  orientation 360.00
drill  0.800000
shape_offset  0.000000  0.000000
$EndPAD
$PAD "16"
Shape Oval Layer both
position  7.620000  0.000000  size  1.600000  1.600000  orientation 360.00
drill  0.800000
shape_offset  0.000000  0.000000
$EndPAD
$EndMODULE  IC4

$MODULE Motor_1
footprint TerminalBlock:TerminalBlock_Altech_AK300-2_P5.00mm
attribut none
position 101.500000 79.500000  orientation 0.00
layer front
$PAD "1"
Shape Rect Layer both
position  0.000000  0.000000  size  1.980000  3.960000  orientation 0.00
drill  1.320000
shape_offset  0.000000  0.000000
$EndPAD
$PAD "2"
Shape Oval Layer both
position  5.000000  0.000000  size  1.980000  3.960000  orientation 0.00
drill  1.320000
shape_offset  0.000000  0.000000
$EndPAD
$EndMODULE  Motor_1

$MODULE Motor_2
footprint TerminalBlock:TerminalBlock_Altech_AK300-2_P5.00mm
attribut none
position 114.735000 79.500000  orientation 0.00
layer front
$PAD "1"
Shape Rect Layer both
position  0.000000  0.000000  size  1.980000  3.960000  orientation 0.00
drill  1.320000
shape_offset  0.000000  0.000000
$EndPAD
$PAD "2"
Shape Oval Layer both
position  5.000000  0.000000  size  1.980000  3.960000  orientation 0.00
drill  1.320000
shape_offset  0.000000  0.000000
$EndPAD
$EndMODULE  Motor_2

$MODULE Motor_3
footprint TerminalBlock:TerminalBlock_Altech_AK300-2_P5.00mm
attribut none
position 120.265000 116.500000  orientation 180.00
layer front
$PAD "1"
Shape Rect Layer both
position  0.000000  0.000000  size  1.980000  3.960000  orientation 0.00
drill  1.320000
shape_offset  0.000000  0.000000
$EndPAD
$PAD "2"
Shape Oval Layer both
position  5.000000  0.000000  size  1.980000  3.960000  orientation 0.00
drill  1.320000
shape_offset  0.000000  0.000000
$EndPAD
$EndMODULE  Motor_3

$MODULE Motor_4
footprint TerminalBlock:TerminalBlock_Altech_AK300-2_P5.00mm
attribut none
position 107.000000 116.500000  orientation 180.00
layer front
$PAD "1"
Shape Rect Layer both
position  0.000000  0.000000  size  1.980000  3.960000  orientation 0.00
drill  1.320000
shape_offset  0.000000  0.000000
$EndPAD
$PAD "2"
Shape Oval Layer both
position  5.000000  0.000000  size  1.980000  3.960000  orientation 0.00
drill  1.320000
shape_offset  0.000000  0.000000
$EndPAD
$EndMODULE  Motor_4

$MODULE Pins_1_8
footprint Connector_PinHeader_2.54mm:PinHeader_1x08_P2.54mm_Vertical
attribut none
position 142.000000 79.880000  orientation 0.00
layer front
$PAD "1"
Shape Rect Layer both
position  0.000000  0.000000  size  1.700000  1.700000  orientation 0.00
drill  1.000000
shape_offset  0.000000  0.000000
$EndPAD
$PAD "2"
Shape Oval Layer both
position  0.000000  2.540000  size  1.700000  1.700000  orientation 0.00
drill  1.000000
shape_offset  0.000000  0.000000
$EndPAD
$PAD "3"
Shape Oval Layer both
position  0.000000  5.080000  size  1.700000  1.700000  orientation 0.00
drill  1.000000
shape_offset  0.000000  0.000000
$EndPAD
$PAD "4"
Shape Oval Layer both
position  0.000000  7.620000  size  1.700000  1.700000  orientation 0.00
drill  1.000000
shape_offset  0.000000  0.000000
$EndPAD
$PAD "5"
Shape Oval Layer both
position  0.000000 10.160000  size  1.700000  1.700000  orientation 0.00
drill  1.000000
shape_offset  0.000000  0.000000
$EndPAD
$PAD "6"
Shape Oval Layer both
position  0.000000 12.700000  size  1.700000  1.700000  orientation 0.00
drill  1.000000
shape_offset  0.000000  0.000000
$EndPAD
$PAD "7"
Shape Oval Layer both
position  0.000000 15.240000  size  1.700000  1.700000  orientation 0.00
drill  1.000000
shape_offset  0.000000  0.000000
$EndPAD
$PAD "8"
Shape Oval Layer both
position  0.000000 17.780000  size  1.700000  1.700000  orientation 0.00
drill  1.000000
shape_offset  0.000000  0.000000
$EndPAD
$EndMODULE  Pins_1_8

$MODULE Pins_9_14
footprint Connector_PinHeader_2.54mm:PinHeader_1x06_P2.54mm_Vertical
attribut none
position 147.380000 103.060000  orientation 90.00
layer front
$PAD "1"
Shape Rect Layer both
position  0.000000  0.000000  size  1.700000  1.700000  orientation 0.00
drill  1.000000
shape_offset  0.000000  0.000000
$EndPAD
$PAD "2"
Shape Oval Layer both
position  0.000000  2.540000  size  1.700000  1.700000  orientation 0.00
drill  1.000000
shape_offset  0.000000  0.000000
$EndPAD
$PAD "3"
Shape Oval Layer both
position  0.000000  5.080000  size  1.700000  1.700000  orientation 0.00
drill  1.000000
shape_offset  0.000000  0.000000
$EndPAD
$PAD "4"
Shape Oval Layer both
position  0.000000  7.620000  size  1.700000  1.700000  orientation 0.00
drill  1.000000
shape_offset  0.000000  0.000000
$EndPAD
$PAD "5"
Shape Oval Layer both
position  0.000000 10.160000  size  1.700000  1.700000  orientation 0.00
drill  1.000000
shape_offset  0.000000  0.000000
$EndPAD
$PAD "6"
Shape Oval Layer both
position  0.000000 12.700000  size  1.700000  1.700000  orientation 0.00
drill  1.000000
shape_offset  0.000000  0.000000
$EndPAD
$EndMODULE  Pins_9_14

$MODULE Pins_15_22
footprint Connector_PinHeader_2.54mm:PinHeader_1x08_P2.54mm_Vertical
attribut none
position 165.000000 97.580000  orientation 180.00
layer front
$PAD "1"
Shape Rect Layer both
position  0.000000  0.000000  size  1.700000  1.700000  orientation 0.00
drill  1.000000
shape_offset  0.000000  0.000000
$EndPAD
$PAD "2"
Shape Oval Layer both
position  0.000000  2.540000  size  1.700000  1.700000  orientation 0.00
drill  1.000000
shape_offset  0.000000  0.000000
$EndPAD
$PAD "3"
Shape Oval Layer both
position  0.000000  5.080000  size  1.700000  1.700000  orientation 0.00
drill  1.000000
shape_offset  0.000000  0.000000
$EndPAD
$PAD "4"
Shape Oval Layer both
position  0.000000  7.620000  size  1.700000  1.700000  orientation 0.00
drill  1.000000
shape_offset  0.000000  0.000000
$EndPAD
$PAD "5"
Shape Oval Layer both
position  0.000000 10.160000  size  1.700000  1.700000  orientation 0.00
drill  1.000000
shape_offset  0.000000  0.000000
$EndPAD
$PAD "6"
Shape Oval Layer both
position  0.000000 12.700000  size  1.700000  1.700000  orientation 0.00
drill  1.000000
shape_offset  0.000000  0.000000
$EndPAD
$PAD "7"
Shape Oval Layer both
position  0.000000 15.240000  size  1.700000  1.700000  orientation 0.00
drill  1.000000
shape_offset  0.000000  0.000000
$EndPAD
$PAD "8"
Shape Oval Layer both
position  0.000000 17.780000  size  1.700000  1.700000  orientation 0.00
drill  1.000000
shape_offset  0.000000  0.000000
$EndPAD
$EndMODULE  Pins_15_22

$MODULE R1
footprint Resistor_SMD:R_0603_1608Metric
attribut smd
position 152.000000 106.000000  orientation 180.00
layer front
$PAD "1"
Shape Roundrect Layer front
position -0.825000  0.000000  size  0.800000  0.950000  orientation 0.00
drill  0.000000
shape_offset  0.000000  0.000000
$EndPAD
$PAD "2"
Shape Roundrect Layer front
position  0.825000  0.000000  size  0.800000  0.950000  orientation 0.00
drill  0.000000
shape_offset  0.000000  0.000000
$EndPAD
$EndMODULE  R1

$EndDESCRIPTION
